2019-06-09 12:22:20 DEBUG Matrix:30 - Start getInstance
2019-06-09 12:22:20 DEBUG Matrix:35 - Start initializeMatrix
2019-06-09 12:22:20 DEBUG Matrix:228 - Start show
2019-06-09 12:22:20 DEBUG Printer:11 - Start printStream
2019-06-09 12:22:20 DEBUG Matrix:30 - Start getInstance
2019-06-09 12:22:20 DEBUG Matrix:65 - Start initializeMatrix
2019-06-09 12:22:20 DEBUG Matrix:228 - Start show
2019-06-09 12:22:20 DEBUG Matrix:30 - Start getInstance
2019-06-09 12:22:20 DEBUG Matrix:88 - Start initializeMatrix
2019-06-09 12:22:20 DEBUG Matrix:228 - Start show
2019-06-09 12:22:20 DEBUG Matrix:115 - Start initializeMatrix
2019-06-09 12:22:20 DEBUG Matrix:228 - Start show
2019-06-09 12:22:20 DEBUG Matrix:145 - Start initializeMatrix
2019-06-09 12:22:20 DEBUG Matrix:228 - Start show
2019-06-09 12:22:20 DEBUG Matrix:186 - Start initializeMatrix
2019-06-09 12:22:20 DEBUG Matrix:228 - Start show
2019-06-09 12:22:20 DEBUG Matrix:228 - Start show
2019-06-09 12:27:18 DEBUG Matrix:30 - Start getInstance
2019-06-09 12:27:18 DEBUG Matrix:35 - Start initializeMatrix
2019-06-09 12:27:18 DEBUG Matrix:228 - Start show
2019-06-09 12:27:18 DEBUG Printer:11 - Start printStream
2019-06-09 12:27:18 DEBUG Matrix:30 - Start getInstance
2019-06-09 12:27:18 DEBUG Matrix:65 - Start initializeMatrix
2019-06-09 12:27:18 DEBUG Matrix:228 - Start show
2019-06-09 12:27:18 DEBUG Matrix:30 - Start getInstance
2019-06-09 12:27:18 DEBUG Matrix:88 - Start initializeMatrix
2019-06-09 12:27:18 DEBUG Matrix:228 - Start show
2019-06-09 12:27:18 DEBUG Matrix:115 - Start initializeMatrix
2019-06-09 12:27:18 DEBUG Matrix:228 - Start show
2019-06-09 12:27:18 DEBUG Matrix:145 - Start initializeMatrix
2019-06-09 12:27:18 DEBUG Matrix:228 - Start show
2019-06-09 12:27:18 DEBUG Matrix:186 - Start initializeMatrix
2019-06-09 12:27:18 DEBUG Matrix:228 - Start show
2019-06-09 12:27:18 DEBUG Matrix:228 - Start show
2019-06-09 12:29:16 DEBUG Matrix:30 - Start getInstance
2019-06-09 12:29:16 DEBUG Matrix:35 - Start initializeMatrix
2019-06-09 12:29:16 DEBUG Matrix:228 - Start show
2019-06-09 12:29:16 DEBUG Printer:11 - Start printStream
2019-06-09 12:29:16 DEBUG Matrix:30 - Start getInstance
2019-06-09 12:29:16 DEBUG Matrix:65 - Start initializeMatrix
2019-06-09 12:29:16 DEBUG Matrix:228 - Start show
2019-06-09 12:29:16 DEBUG Matrix:30 - Start getInstance
2019-06-09 12:29:16 DEBUG Matrix:88 - Start initializeMatrix
2019-06-09 12:29:16 DEBUG Matrix:228 - Start show
2019-06-09 12:29:16 DEBUG Matrix:115 - Start initializeMatrix
2019-06-09 12:29:16 DEBUG Matrix:228 - Start show
2019-06-09 12:29:16 DEBUG Matrix:145 - Start initializeMatrix
2019-06-09 12:29:16 DEBUG Matrix:228 - Start show
2019-06-09 12:29:16 DEBUG Matrix:186 - Start initializeMatrix
2019-06-09 12:29:16 DEBUG Matrix:228 - Start show
2019-06-09 12:29:16 DEBUG Matrix:228 - Start show
2019-06-09 12:29:16 DEBUG Controller:9 - Start checkUserCredentials
2019-06-09 12:29:16 DEBUG Matrix:30 - Start getInstance
2019-06-09 12:29:16 DEBUG Matrix:35 - Start initializeMatrix
2019-06-09 12:29:16 DEBUG Matrix:228 - Start show
2019-06-09 12:40:29 DEBUG Matrix:30 - Start getInstance
2019-06-09 12:40:29 DEBUG Matrix:35 - Start initializeMatrix
2019-06-09 12:40:29 DEBUG Matrix:228 - Start show
2019-06-09 12:40:29 DEBUG Printer:11 - Start printStream
2019-06-09 12:40:29 DEBUG Matrix:30 - Start getInstance
2019-06-09 12:40:29 DEBUG Matrix:65 - Start initializeMatrix
2019-06-09 12:40:29 DEBUG Matrix:228 - Start show
2019-06-09 12:40:29 DEBUG Matrix:30 - Start getInstance
2019-06-09 12:40:29 DEBUG Matrix:88 - Start initializeMatrix
2019-06-09 12:40:29 DEBUG Matrix:228 - Start show
2019-06-09 12:40:29 DEBUG Matrix:115 - Start initializeMatrix
2019-06-09 12:40:29 DEBUG Matrix:228 - Start show
2019-06-09 12:40:29 DEBUG Matrix:145 - Start initializeMatrix
2019-06-09 12:40:29 DEBUG Matrix:228 - Start show
2019-06-09 12:40:29 DEBUG Matrix:186 - Start initializeMatrix
2019-06-09 12:40:29 DEBUG Matrix:228 - Start show
2019-06-09 12:40:29 DEBUG Matrix:228 - Start show
2019-06-09 12:40:29 DEBUG Controller:9 - Start checkUserCredentials
2019-06-09 12:40:29 DEBUG Matrix:30 - Start getInstance
2019-06-09 12:40:29 DEBUG Matrix:35 - Start initializeMatrix
2019-06-09 12:40:29 DEBUG Matrix:228 - Start show
2019-06-09 12:40:29 DEBUG Printer:11 - Start printStream
2019-06-09 12:40:29 DEBUG Matrix:228 - Start show
2019-06-09 12:43:48 DEBUG Matrix:30 - Start getInstance
2019-06-09 12:43:48 DEBUG Matrix:35 - Start initializeMatrix
2019-06-09 12:43:48 DEBUG Matrix:228 - Start show
2019-06-09 12:43:48 DEBUG Printer:11 - Start printStream
2019-06-09 12:43:48 DEBUG Matrix:30 - Start getInstance
2019-06-09 12:43:48 DEBUG Matrix:65 - Start initializeMatrix
2019-06-09 12:43:48 DEBUG Matrix:228 - Start show
2019-06-09 12:43:48 DEBUG Matrix:30 - Start getInstance
2019-06-09 12:43:48 DEBUG Matrix:88 - Start initializeMatrix
2019-06-09 12:43:48 DEBUG Matrix:228 - Start show
2019-06-09 12:43:48 DEBUG Matrix:115 - Start initializeMatrix
2019-06-09 12:43:48 DEBUG Matrix:228 - Start show
2019-06-09 12:43:48 DEBUG Matrix:145 - Start initializeMatrix
2019-06-09 12:43:48 DEBUG Matrix:228 - Start show
2019-06-09 12:43:48 DEBUG Matrix:186 - Start initializeMatrix
2019-06-09 12:43:48 DEBUG Matrix:228 - Start show
2019-06-09 12:43:48 DEBUG Matrix:228 - Start show
2019-06-09 12:43:48 DEBUG Controller:9 - Start checkUserCredentials
2019-06-09 12:43:48 DEBUG Matrix:30 - Start getInstance
2019-06-09 12:43:48 DEBUG Matrix:35 - Start initializeMatrix
2019-06-09 12:43:48 DEBUG Matrix:228 - Start show
2019-06-09 12:43:48 DEBUG Printer:11 - Start printStream
2019-06-09 12:43:48 DEBUG Matrix:228 - Start show
2019-06-09 12:44:10 DEBUG Matrix:30 - Start getInstance
2019-06-09 12:44:10 DEBUG Matrix:35 - Start initializeMatrix
2019-06-09 12:44:10 DEBUG Matrix:228 - Start show
2019-06-09 12:44:10 DEBUG Printer:11 - Start printStream
2019-06-09 12:44:10 DEBUG Matrix:30 - Start getInstance
2019-06-09 12:44:10 DEBUG Matrix:65 - Start initializeMatrix
2019-06-09 12:44:10 DEBUG Matrix:228 - Start show
2019-06-09 12:44:10 DEBUG Matrix:30 - Start getInstance
2019-06-09 12:44:10 DEBUG Matrix:88 - Start initializeMatrix
2019-06-09 12:44:10 DEBUG Matrix:228 - Start show
2019-06-09 12:44:10 DEBUG Matrix:115 - Start initializeMatrix
2019-06-09 12:44:10 DEBUG Matrix:228 - Start show
2019-06-09 12:44:10 DEBUG Matrix:145 - Start initializeMatrix
2019-06-09 12:44:10 DEBUG Matrix:228 - Start show
2019-06-09 12:44:10 DEBUG Matrix:186 - Start initializeMatrix
2019-06-09 12:44:10 DEBUG Matrix:228 - Start show
2019-06-09 12:44:10 DEBUG Matrix:228 - Start show
2019-06-09 12:44:10 DEBUG Controller:9 - Start checkUserCredentials
2019-06-09 12:44:10 DEBUG Matrix:30 - Start getInstance
2019-06-09 12:44:10 DEBUG Matrix:35 - Start initializeMatrix
2019-06-09 12:44:10 DEBUG Matrix:228 - Start show
2019-06-09 12:44:10 DEBUG Printer:11 - Start printStream
2019-06-09 12:44:10 DEBUG Matrix:228 - Start show
2019-06-09 12:45:21 DEBUG Matrix:30 - Start getInstance
2019-06-09 12:45:21 DEBUG Matrix:35 - Start initializeMatrix
2019-06-09 12:45:21 DEBUG Matrix:228 - Start show
2019-06-09 12:45:21 DEBUG Printer:11 - Start printStream
2019-06-09 12:45:21 DEBUG Matrix:30 - Start getInstance
2019-06-09 12:45:21 DEBUG Matrix:65 - Start initializeMatrix
2019-06-09 12:45:21 DEBUG Matrix:228 - Start show
2019-06-09 12:45:21 DEBUG Matrix:30 - Start getInstance
2019-06-09 12:45:21 DEBUG Matrix:88 - Start initializeMatrix
2019-06-09 12:45:21 DEBUG Matrix:228 - Start show
2019-06-09 12:45:21 DEBUG Matrix:115 - Start initializeMatrix
2019-06-09 12:45:21 DEBUG Matrix:228 - Start show
2019-06-09 12:45:21 DEBUG Matrix:145 - Start initializeMatrix
2019-06-09 12:45:21 DEBUG Matrix:228 - Start show
2019-06-09 12:45:21 DEBUG Matrix:186 - Start initializeMatrix
2019-06-09 12:45:21 DEBUG Matrix:228 - Start show
2019-06-09 12:45:21 DEBUG Matrix:228 - Start show
2019-06-09 12:45:21 DEBUG Controller:9 - Start checkUserCredentials
2019-06-09 12:45:21 DEBUG Matrix:30 - Start getInstance
2019-06-09 12:45:21 DEBUG Matrix:35 - Start initializeMatrix
2019-06-09 12:45:21 DEBUG Matrix:228 - Start show
2019-06-09 12:45:21 DEBUG Printer:11 - Start printStream
2019-06-09 12:45:21 DEBUG Matrix:228 - Start show
2019-06-09 12:48:22 DEBUG Matrix:30 - Start getInstance
2019-06-09 12:48:22 DEBUG Matrix:35 - Start initializeMatrix
2019-06-09 12:48:22 DEBUG Matrix:228 - Start show
2019-06-09 12:48:22 DEBUG Printer:11 - Start printStream
2019-06-09 12:48:22 DEBUG Matrix:30 - Start getInstance
2019-06-09 12:48:22 DEBUG Matrix:65 - Start initializeMatrix
2019-06-09 12:48:22 DEBUG Matrix:228 - Start show
2019-06-09 12:48:22 DEBUG Matrix:30 - Start getInstance
2019-06-09 12:48:22 DEBUG Matrix:88 - Start initializeMatrix
2019-06-09 12:48:22 DEBUG Matrix:228 - Start show
2019-06-09 12:48:22 DEBUG Matrix:115 - Start initializeMatrix
2019-06-09 12:48:22 DEBUG Matrix:228 - Start show
2019-06-09 12:48:22 DEBUG Matrix:145 - Start initializeMatrix
2019-06-09 12:48:22 DEBUG Matrix:228 - Start show
2019-06-09 12:48:22 DEBUG Matrix:186 - Start initializeMatrix
2019-06-09 12:48:22 DEBUG Matrix:228 - Start show
2019-06-09 12:48:22 DEBUG Matrix:228 - Start show
2019-06-09 12:48:22 DEBUG Controller:9 - Start checkUserCredentials
2019-06-09 12:48:22 DEBUG Matrix:30 - Start getInstance
2019-06-09 12:48:22 DEBUG Matrix:35 - Start initializeMatrix
2019-06-09 12:48:22 DEBUG Matrix:228 - Start show
2019-06-09 12:48:22 DEBUG Printer:11 - Start printStream
2019-06-09 12:48:22 DEBUG Matrix:228 - Start show
2019-06-09 13:01:45 DEBUG ReaderFromFile:22 - Start readFromFile
2019-06-09 13:01:45 DEBUG Validation:18 - Start checkFile
2019-06-09 13:01:45 DEBUG Creator:15 - Start createArray
2019-06-09 13:01:45 DEBUG Matrix:30 - Start getInstance
2019-06-09 13:01:45 DEBUG Matrix:35 - Start initializeMatrix
2019-06-09 13:01:45 DEBUG Matrix:228 - Start show
2019-06-09 13:01:45 DEBUG Calculation:14 - Start determineMaxDischarge
2019-06-09 13:01:45 DEBUG ReaderFromFile:22 - Start readFromFile
2019-06-09 13:01:45 DEBUG Validation:18 - Start checkFile
2019-06-09 13:01:45 DEBUG Creator:31 - Start createFlow
2019-06-09 13:01:45 DEBUG Printer:11 - Start printStream
2019-06-09 13:01:45 DEBUG Matrix:30 - Start getInstance
2019-06-09 13:01:45 DEBUG Matrix:65 - Start initializeMatrix
2019-06-09 13:01:45 DEBUG Matrix:228 - Start show
2019-06-09 13:01:45 DEBUG Calculation:14 - Start determineMaxDischarge
2019-06-09 13:01:45 DEBUG Matrix:30 - Start getInstance
2019-06-09 13:01:45 DEBUG Matrix:88 - Start initializeMatrix
2019-06-09 13:01:45 DEBUG Matrix:228 - Start show
2019-06-09 13:01:45 DEBUG Calculation:14 - Start determineMaxDischarge
2019-06-09 13:01:45 DEBUG Matrix:115 - Start initializeMatrix
2019-06-09 13:01:45 DEBUG Matrix:228 - Start show
2019-06-09 13:01:45 DEBUG Calculation:14 - Start determineMaxDischarge
2019-06-09 13:01:45 DEBUG Matrix:145 - Start initializeMatrix
2019-06-09 13:01:45 DEBUG Matrix:228 - Start show
2019-06-09 13:01:45 DEBUG Calculation:14 - Start determineMaxDischarge
2019-06-09 13:01:45 DEBUG Matrix:186 - Start initializeMatrix
2019-06-09 13:01:45 DEBUG Matrix:228 - Start show
2019-06-09 13:01:45 DEBUG Calculation:14 - Start determineMaxDischarge
2019-06-09 13:01:45 DEBUG ThreadDiagonal:28 - Start run
2019-06-09 13:01:45 DEBUG ThreadDiagonal:28 - Start run
2019-06-09 13:01:45 DEBUG ThreadDiagonal:28 - Start run
2019-06-09 13:01:45 DEBUG ThreadDiagonal:28 - Start run
2019-06-09 13:01:45 DEBUG Matrix:228 - Start show
2019-06-09 13:01:45 DEBUG Calculation:14 - Start determineMaxDischarge
2019-06-09 13:01:45 DEBUG Controller:9 - Start checkUserCredentials
2019-06-09 13:01:45 DEBUG Dialog:45 - Start readAndShowMatrixFromFile
2019-06-09 13:01:45 DEBUG Dialog:31 - Start readMatrixFromFile
2019-06-09 13:01:45 DEBUG ReaderFromFile:22 - Start readFromFile
2019-06-09 13:01:45 DEBUG Validation:18 - Start checkFile
2019-06-09 13:01:45 DEBUG Creator:15 - Start createArray
2019-06-09 13:01:45 DEBUG Matrix:30 - Start getInstance
2019-06-09 13:01:45 DEBUG Matrix:35 - Start initializeMatrix
2019-06-09 13:01:45 DEBUG Matrix:228 - Start show
2019-06-09 13:01:45 DEBUG Calculation:14 - Start determineMaxDischarge
2019-06-09 13:01:45 DEBUG Dialog:57 - Start readAndShowStreamsFromFile
2019-06-09 13:01:45 DEBUG Dialog:51 - Start readStreamsFromFile
2019-06-09 13:01:45 DEBUG ReaderFromFile:22 - Start readFromFile
2019-06-09 13:01:45 DEBUG Validation:18 - Start checkFile
2019-06-09 13:01:45 DEBUG Creator:31 - Start createFlow
2019-06-09 13:01:45 DEBUG Printer:11 - Start printStream
2019-06-09 13:01:45 DEBUG Dialog:73 - Start startStreamsAction
2019-06-09 13:01:45 DEBUG Validation:23 - Start validateUniqueNumberOfStreams
2019-06-09 13:01:45 DEBUG ThreadStream:24 - Start threadStart
2019-06-09 13:01:45 DEBUG ThreadStream:31 - Start threadJoin
2019-06-09 13:01:45 DEBUG ThreadDiagonal:28 - Start run
2019-06-09 13:01:45 DEBUG ThreadDiagonal:28 - Start run
2019-06-09 13:01:45 DEBUG ThreadDiagonal:28 - Start run
2019-06-09 13:01:45 DEBUG ThreadDiagonal:28 - Start run
2019-06-09 13:01:45 DEBUG Dialog:40 - Start showMatrix
2019-06-09 13:01:45 DEBUG Matrix:228 - Start show
2019-06-09 13:01:45 DEBUG Calculation:14 - Start determineMaxDischarge
