2019-05-12 18:46:06 DEBUG PlaneTest:15 - hi
2019-05-12 18:46:06 INFO  PlaneTest:16 - hi-info
2019-05-12 18:53:18 DEBUG PlaneTest:15 - hi
2019-05-12 18:53:18 INFO  PlaneTest:16 - hi-info
2019-05-13 18:17:54 DEBUG PlaneTest:15 - hi
2019-05-13 18:17:54 INFO  PlaneTest:16 - hi-info
2019-05-16 06:52:29 DEBUG PlaneTest:15 - hi
2019-05-16 06:52:29 INFO  PlaneTest:16 - hi-info
<<<<<<< HEAD
2019-06-26 01:31:12 DEBUG Plane:31 - Start getPlane
2019-06-26 01:31:12 DEBUG Plane:49 - Start Plane()
2019-06-26 01:31:12 DEBUG Plane:40 - Start getPlane
2019-06-26 01:31:12 DEBUG Plane:67 - Start Plane() with parameters
2019-06-26 01:31:12 DEBUG Plane:67 - Start Plane() with parameters
2019-06-26 01:31:12 DEBUG Plane:67 - Start Plane() with parameters
2019-06-26 01:31:12 DEBUG Airline:21 - Start getInstance()
2019-06-26 01:31:12 DEBUG Airline:26 - Start addPlane
2019-06-26 01:31:12 DEBUG Airline:26 - Start addPlane
2019-06-26 01:31:12 DEBUG Airline:26 - Start addPlane
2019-06-26 01:31:12 DEBUG Airline:26 - Start addPlane
2019-06-26 01:31:12 DEBUG Airline:21 - Start getInstance()
2019-06-26 01:31:12 DEBUG Airline:21 - Start getInstance()
2019-06-26 01:31:12 DEBUG Airline:51 - Start getCountOfPlanes
2019-06-26 01:31:12 DEBUG Airline:42 - Start getPlaneByIndex
2019-06-26 01:31:12 DEBUG Airline:51 - Start getCountOfPlanes
2019-06-26 01:31:12 DEBUG Airline:42 - Start getPlaneByIndex
2019-06-26 01:31:12 DEBUG Airline:51 - Start getCountOfPlanes
2019-06-26 01:31:12 DEBUG Airline:42 - Start getPlaneByIndex
2019-06-26 01:31:12 DEBUG Airline:51 - Start getCountOfPlanes
2019-06-26 01:31:12 DEBUG Airline:42 - Start getPlaneByIndex
2019-06-26 01:31:12 DEBUG Airline:51 - Start getCountOfPlanes
2019-06-26 01:31:12 DEBUG Plane:67 - Start Plane() with parameters
2019-06-26 01:31:12 DEBUG Airline:26 - Start addPlane
2019-06-26 01:31:12 DEBUG Airline:51 - Start getCountOfPlanes
2019-06-26 01:31:12 DEBUG Airline:42 - Start getPlaneByIndex
2019-06-26 01:31:12 DEBUG Airline:51 - Start getCountOfPlanes
2019-06-26 01:31:12 DEBUG Airline:42 - Start getPlaneByIndex
2019-06-26 01:31:12 DEBUG Airline:51 - Start getCountOfPlanes
2019-06-26 01:31:12 DEBUG Airline:42 - Start getPlaneByIndex
2019-06-26 01:31:12 DEBUG Airline:51 - Start getCountOfPlanes
2019-06-26 01:31:12 DEBUG Airline:42 - Start getPlaneByIndex
2019-06-26 01:31:12 DEBUG Airline:51 - Start getCountOfPlanes
2019-06-26 01:31:12 DEBUG Airline:42 - Start getPlaneByIndex
2019-06-26 01:31:12 DEBUG Airline:51 - Start getCountOfPlanes
2019-06-26 01:31:12 DEBUG Plane:67 - Start Plane() with parameters
2019-06-26 01:31:12 DEBUG Airline:26 - Start addPlane
2019-06-26 01:31:12 DEBUG Airline:51 - Start getCountOfPlanes
2019-06-26 01:31:12 DEBUG Airline:42 - Start getPlaneByIndex
2019-06-26 01:31:12 DEBUG Airline:51 - Start getCountOfPlanes
2019-06-26 01:31:12 DEBUG Airline:42 - Start getPlaneByIndex
2019-06-26 01:31:12 DEBUG Airline:51 - Start getCountOfPlanes
2019-06-26 01:31:12 DEBUG Airline:42 - Start getPlaneByIndex
2019-06-26 01:31:12 DEBUG Airline:51 - Start getCountOfPlanes
2019-06-26 01:31:12 DEBUG Airline:42 - Start getPlaneByIndex
2019-06-26 01:31:12 DEBUG Airline:51 - Start getCountOfPlanes
2019-06-26 01:31:12 DEBUG Airline:42 - Start getPlaneByIndex
2019-06-26 01:31:12 DEBUG Airline:51 - Start getCountOfPlanes
2019-06-26 01:31:12 DEBUG Airline:42 - Start getPlaneByIndex
2019-06-26 01:31:12 DEBUG Airline:51 - Start getCountOfPlanes
2019-06-26 01:31:12 DEBUG Plane:67 - Start Plane() with parameters
2019-06-26 01:31:12 DEBUG Airline:26 - Start addPlane
2019-06-26 01:31:12 DEBUG Airline:51 - Start getCountOfPlanes
2019-06-26 01:31:12 DEBUG Airline:42 - Start getPlaneByIndex
2019-06-26 01:31:12 DEBUG Airline:51 - Start getCountOfPlanes
2019-06-26 01:31:12 DEBUG Airline:42 - Start getPlaneByIndex
2019-06-26 01:31:12 DEBUG Airline:51 - Start getCountOfPlanes
2019-06-26 01:31:12 DEBUG Airline:42 - Start getPlaneByIndex
2019-06-26 01:31:12 DEBUG Airline:51 - Start getCountOfPlanes
2019-06-26 01:31:12 DEBUG Airline:42 - Start getPlaneByIndex
2019-06-26 01:31:12 DEBUG Airline:51 - Start getCountOfPlanes
2019-06-26 01:31:12 DEBUG Airline:42 - Start getPlaneByIndex
2019-06-26 01:31:12 DEBUG Airline:51 - Start getCountOfPlanes
2019-06-26 01:31:12 DEBUG Airline:42 - Start getPlaneByIndex
2019-06-26 01:31:12 DEBUG Airline:51 - Start getCountOfPlanes
2019-06-26 01:31:12 DEBUG Airline:42 - Start getPlaneByIndex
2019-06-26 01:31:12 DEBUG Airline:51 - Start getCountOfPlanes
2019-06-26 01:31:12 DEBUG Plane:67 - Start Plane() with parameters
2019-06-26 01:31:12 DEBUG Airline:26 - Start addPlane
2019-06-26 01:31:12 DEBUG Airline:51 - Start getCountOfPlanes
2019-06-26 01:31:12 DEBUG Airline:42 - Start getPlaneByIndex
2019-06-26 01:31:12 DEBUG Airline:51 - Start getCountOfPlanes
2019-06-26 01:31:12 DEBUG Airline:42 - Start getPlaneByIndex
2019-06-26 01:31:12 DEBUG Airline:51 - Start getCountOfPlanes
2019-06-26 01:31:12 DEBUG Airline:42 - Start getPlaneByIndex
2019-06-26 01:31:12 DEBUG Airline:51 - Start getCountOfPlanes
2019-06-26 01:31:12 DEBUG Airline:42 - Start getPlaneByIndex
2019-06-26 01:31:12 DEBUG Airline:51 - Start getCountOfPlanes
2019-06-26 01:31:12 DEBUG Airline:42 - Start getPlaneByIndex
2019-06-26 01:31:12 DEBUG Airline:51 - Start getCountOfPlanes
2019-06-26 01:31:12 DEBUG Airline:42 - Start getPlaneByIndex
2019-06-26 01:31:12 DEBUG Airline:51 - Start getCountOfPlanes
2019-06-26 01:31:12 DEBUG Airline:42 - Start getPlaneByIndex
2019-06-26 01:31:12 DEBUG Airline:51 - Start getCountOfPlanes
2019-06-26 01:31:12 DEBUG Airline:42 - Start getPlaneByIndex
2019-06-26 01:31:12 DEBUG Airline:51 - Start getCountOfPlanes
2019-06-26 01:31:12 DEBUG Plane:67 - Start Plane() with parameters
2019-06-26 01:31:12 DEBUG Airline:26 - Start addPlane
2019-06-26 01:31:12 DEBUG Airline:51 - Start getCountOfPlanes
2019-06-26 01:31:12 DEBUG Airline:42 - Start getPlaneByIndex
2019-06-26 01:31:12 DEBUG Airline:51 - Start getCountOfPlanes
2019-06-26 01:31:12 DEBUG Airline:42 - Start getPlaneByIndex
2019-06-26 01:31:12 DEBUG Airline:51 - Start getCountOfPlanes
2019-06-26 01:31:12 DEBUG Airline:42 - Start getPlaneByIndex
2019-06-26 01:31:12 DEBUG Airline:51 - Start getCountOfPlanes
2019-06-26 01:31:12 DEBUG Airline:42 - Start getPlaneByIndex
2019-06-26 01:31:12 DEBUG Airline:51 - Start getCountOfPlanes
2019-06-26 01:31:12 DEBUG Airline:42 - Start getPlaneByIndex
2019-06-26 01:31:12 DEBUG Airline:51 - Start getCountOfPlanes
2019-06-26 01:31:12 DEBUG Airline:42 - Start getPlaneByIndex
2019-06-26 01:31:12 DEBUG Airline:51 - Start getCountOfPlanes
2019-06-26 01:31:12 DEBUG Airline:42 - Start getPlaneByIndex
2019-06-26 01:31:12 DEBUG Airline:51 - Start getCountOfPlanes
2019-06-26 01:31:12 DEBUG Airline:42 - Start getPlaneByIndex
2019-06-26 01:31:12 DEBUG Airline:51 - Start getCountOfPlanes
2019-06-26 01:31:12 DEBUG Airline:42 - Start getPlaneByIndex
2019-06-26 01:31:12 DEBUG Airline:51 - Start getCountOfPlanes
2019-06-26 01:31:12 DEBUG Plane:67 - Start Plane() with parameters
2019-06-26 01:31:12 DEBUG Airline:26 - Start addPlane
2019-06-26 01:31:12 DEBUG Airline:51 - Start getCountOfPlanes
2019-06-26 01:31:12 DEBUG Airline:42 - Start getPlaneByIndex
2019-06-26 01:31:12 DEBUG Airline:51 - Start getCountOfPlanes
2019-06-26 01:31:12 DEBUG Airline:42 - Start getPlaneByIndex
2019-06-26 01:31:12 DEBUG Airline:51 - Start getCountOfPlanes
2019-06-26 01:31:12 DEBUG Airline:42 - Start getPlaneByIndex
2019-06-26 01:31:12 DEBUG Airline:51 - Start getCountOfPlanes
2019-06-26 01:31:12 DEBUG Airline:42 - Start getPlaneByIndex
2019-06-26 01:31:12 DEBUG Airline:51 - Start getCountOfPlanes
2019-06-26 01:31:12 DEBUG Airline:42 - Start getPlaneByIndex
2019-06-26 01:31:12 DEBUG Airline:51 - Start getCountOfPlanes
2019-06-26 01:31:12 DEBUG Airline:42 - Start getPlaneByIndex
2019-06-26 01:31:12 DEBUG Airline:51 - Start getCountOfPlanes
2019-06-26 01:31:12 DEBUG Airline:42 - Start getPlaneByIndex
2019-06-26 01:31:12 DEBUG Airline:51 - Start getCountOfPlanes
2019-06-26 01:31:12 DEBUG Airline:42 - Start getPlaneByIndex
2019-06-26 01:31:12 DEBUG Airline:51 - Start getCountOfPlanes
2019-06-26 01:31:12 DEBUG Airline:42 - Start getPlaneByIndex
2019-06-26 01:31:12 DEBUG Airline:51 - Start getCountOfPlanes
2019-06-26 01:31:12 DEBUG Airline:42 - Start getPlaneByIndex
2019-06-26 01:31:12 DEBUG Airline:51 - Start getCountOfPlanes
2019-06-26 01:31:12 DEBUG Plane:67 - Start Plane() with parameters
2019-06-26 01:31:12 DEBUG Airline:26 - Start addPlane
2019-06-26 01:31:12 DEBUG Airline:51 - Start getCountOfPlanes
2019-06-26 01:31:12 DEBUG Airline:42 - Start getPlaneByIndex
2019-06-26 01:31:12 DEBUG Airline:51 - Start getCountOfPlanes
2019-06-26 01:31:12 DEBUG Airline:42 - Start getPlaneByIndex
2019-06-26 01:31:12 DEBUG Airline:51 - Start getCountOfPlanes
2019-06-26 01:31:13 DEBUG Airline:42 - Start getPlaneByIndex
2019-06-26 01:31:13 DEBUG Airline:51 - Start getCountOfPlanes
2019-06-26 01:31:13 DEBUG Airline:42 - Start getPlaneByIndex
2019-06-26 01:31:13 DEBUG Airline:51 - Start getCountOfPlanes
2019-06-26 01:31:13 DEBUG Airline:42 - Start getPlaneByIndex
2019-06-26 01:31:13 DEBUG Airline:51 - Start getCountOfPlanes
2019-06-26 01:31:13 DEBUG Airline:42 - Start getPlaneByIndex
2019-06-26 01:31:13 DEBUG Airline:51 - Start getCountOfPlanes
2019-06-26 01:31:13 DEBUG Airline:42 - Start getPlaneByIndex
2019-06-26 01:31:13 DEBUG Airline:51 - Start getCountOfPlanes
2019-06-26 01:31:13 DEBUG Airline:42 - Start getPlaneByIndex
2019-06-26 01:31:13 DEBUG Airline:51 - Start getCountOfPlanes
2019-06-26 01:31:13 DEBUG Airline:42 - Start getPlaneByIndex
2019-06-26 01:31:13 DEBUG Airline:51 - Start getCountOfPlanes
2019-06-26 01:31:13 DEBUG Airline:42 - Start getPlaneByIndex
2019-06-26 01:31:13 DEBUG Airline:51 - Start getCountOfPlanes
2019-06-26 01:31:13 DEBUG Airline:42 - Start getPlaneByIndex
2019-06-26 01:31:13 DEBUG Airline:51 - Start getCountOfPlanes
2019-06-26 01:31:13 DEBUG Plane:67 - Start Plane() with parameters
2019-06-26 01:31:13 DEBUG Airline:26 - Start addPlane
2019-06-26 01:31:13 DEBUG Airline:51 - Start getCountOfPlanes
2019-06-26 01:31:13 DEBUG Airline:42 - Start getPlaneByIndex
2019-06-26 01:31:13 DEBUG Airline:51 - Start getCountOfPlanes
2019-06-26 01:31:13 DEBUG Airline:42 - Start getPlaneByIndex
2019-06-26 01:31:13 DEBUG Airline:51 - Start getCountOfPlanes
2019-06-26 01:31:13 DEBUG Airline:42 - Start getPlaneByIndex
2019-06-26 01:31:13 DEBUG Airline:51 - Start getCountOfPlanes
2019-06-26 01:31:13 DEBUG Airline:42 - Start getPlaneByIndex
2019-06-26 01:31:13 DEBUG Airline:51 - Start getCountOfPlanes
2019-06-26 01:31:13 DEBUG Airline:42 - Start getPlaneByIndex
2019-06-26 01:31:13 DEBUG Airline:51 - Start getCountOfPlanes
2019-06-26 01:31:13 DEBUG Airline:42 - Start getPlaneByIndex
2019-06-26 01:31:13 DEBUG Airline:51 - Start getCountOfPlanes
2019-06-26 01:31:13 DEBUG Airline:42 - Start getPlaneByIndex
2019-06-26 01:31:13 DEBUG Airline:51 - Start getCountOfPlanes
2019-06-26 01:31:13 DEBUG Airline:42 - Start getPlaneByIndex
2019-06-26 01:31:13 DEBUG Airline:51 - Start getCountOfPlanes
2019-06-26 01:31:13 DEBUG Airline:42 - Start getPlaneByIndex
2019-06-26 01:31:13 DEBUG Airline:51 - Start getCountOfPlanes
2019-06-26 01:31:13 DEBUG Airline:42 - Start getPlaneByIndex
2019-06-26 01:31:13 DEBUG Airline:51 - Start getCountOfPlanes
2019-06-26 01:31:13 DEBUG Airline:42 - Start getPlaneByIndex
2019-06-26 01:31:13 DEBUG Airline:51 - Start getCountOfPlanes
2019-06-26 01:31:13 DEBUG Airline:42 - Start getPlaneByIndex
2019-06-26 01:31:13 DEBUG Airline:51 - Start getCountOfPlanes
2019-06-26 01:31:13 DEBUG Plane:67 - Start Plane() with parameters
2019-06-26 01:31:13 DEBUG Airline:26 - Start addPlane
2019-06-26 01:31:13 DEBUG Airline:51 - Start getCountOfPlanes
2019-06-26 01:31:13 DEBUG Airline:42 - Start getPlaneByIndex
2019-06-26 01:31:13 DEBUG Airline:51 - Start getCountOfPlanes
2019-06-26 01:31:13 DEBUG Airline:42 - Start getPlaneByIndex
2019-06-26 01:31:13 DEBUG Airline:51 - Start getCountOfPlanes
2019-06-26 01:31:13 DEBUG Airline:42 - Start getPlaneByIndex
2019-06-26 01:31:13 DEBUG Airline:51 - Start getCountOfPlanes
2019-06-26 01:31:13 DEBUG Airline:42 - Start getPlaneByIndex
2019-06-26 01:31:13 DEBUG Airline:51 - Start getCountOfPlanes
2019-06-26 01:31:13 DEBUG Airline:42 - Start getPlaneByIndex
2019-06-26 01:31:13 DEBUG Airline:51 - Start getCountOfPlanes
2019-06-26 01:31:13 DEBUG Airline:42 - Start getPlaneByIndex
2019-06-26 01:31:13 DEBUG Airline:51 - Start getCountOfPlanes
2019-06-26 01:31:13 DEBUG Airline:42 - Start getPlaneByIndex
2019-06-26 01:31:13 DEBUG Airline:51 - Start getCountOfPlanes
2019-06-26 01:31:13 DEBUG Airline:42 - Start getPlaneByIndex
2019-06-26 01:31:13 DEBUG Airline:51 - Start getCountOfPlanes
2019-06-26 01:31:13 DEBUG Airline:42 - Start getPlaneByIndex
2019-06-26 01:31:13 DEBUG Airline:51 - Start getCountOfPlanes
2019-06-26 01:31:13 DEBUG Airline:42 - Start getPlaneByIndex
2019-06-26 01:31:13 DEBUG Airline:51 - Start getCountOfPlanes
2019-06-26 01:31:13 DEBUG Airline:42 - Start getPlaneByIndex
2019-06-26 01:31:13 DEBUG Airline:51 - Start getCountOfPlanes
2019-06-26 01:31:13 DEBUG Airline:42 - Start getPlaneByIndex
2019-06-26 01:31:13 DEBUG Airline:51 - Start getCountOfPlanes
2019-06-26 01:31:13 DEBUG Airline:42 - Start getPlaneByIndex
2019-06-26 01:31:13 DEBUG Airline:51 - Start getCountOfPlanes
2019-06-26 01:31:13 DEBUG Plane:67 - Start Plane() with parameters
2019-06-26 01:31:13 DEBUG Airline:26 - Start addPlane
2019-06-26 01:31:13 DEBUG Airline:51 - Start getCountOfPlanes
2019-06-26 01:31:13 DEBUG Airline:42 - Start getPlaneByIndex
2019-06-26 01:31:13 DEBUG Airline:51 - Start getCountOfPlanes
2019-06-26 01:31:13 DEBUG Airline:42 - Start getPlaneByIndex
2019-06-26 01:31:13 DEBUG Airline:51 - Start getCountOfPlanes
2019-06-26 01:31:13 DEBUG Airline:42 - Start getPlaneByIndex
2019-06-26 01:31:13 DEBUG Airline:51 - Start getCountOfPlanes
2019-06-26 01:31:13 DEBUG Airline:42 - Start getPlaneByIndex
2019-06-26 01:31:13 DEBUG Airline:51 - Start getCountOfPlanes
2019-06-26 01:31:13 DEBUG Airline:42 - Start getPlaneByIndex
2019-06-26 01:31:13 DEBUG Airline:51 - Start getCountOfPlanes
2019-06-26 01:31:13 DEBUG Airline:42 - Start getPlaneByIndex
2019-06-26 01:31:13 DEBUG Airline:51 - Start getCountOfPlanes
2019-06-26 01:31:13 DEBUG Airline:42 - Start getPlaneByIndex
2019-06-26 01:31:13 DEBUG Airline:51 - Start getCountOfPlanes
2019-06-26 01:31:13 DEBUG Airline:42 - Start getPlaneByIndex
2019-06-26 01:31:13 DEBUG Airline:51 - Start getCountOfPlanes
2019-06-26 01:31:13 DEBUG Airline:42 - Start getPlaneByIndex
2019-06-26 01:31:13 DEBUG Airline:51 - Start getCountOfPlanes
2019-06-26 01:31:13 DEBUG Airline:42 - Start getPlaneByIndex
2019-06-26 01:31:13 DEBUG Airline:51 - Start getCountOfPlanes
2019-06-26 01:31:13 DEBUG Airline:42 - Start getPlaneByIndex
2019-06-26 01:31:13 DEBUG Airline:51 - Start getCountOfPlanes
2019-06-26 01:31:13 DEBUG Airline:42 - Start getPlaneByIndex
2019-06-26 01:31:13 DEBUG Airline:51 - Start getCountOfPlanes
2019-06-26 01:31:13 DEBUG Airline:42 - Start getPlaneByIndex
2019-06-26 01:31:13 DEBUG Airline:51 - Start getCountOfPlanes
2019-06-26 01:31:13 DEBUG Airline:42 - Start getPlaneByIndex
2019-06-26 01:31:13 DEBUG Airline:51 - Start getCountOfPlanes
2019-06-26 01:31:13 DEBUG Plane:67 - Start Plane() with parameters
2019-06-26 01:31:13 DEBUG Airline:26 - Start addPlane
2019-06-26 01:31:13 DEBUG Airline:51 - Start getCountOfPlanes
2019-06-26 01:31:13 DEBUG Airline:42 - Start getPlaneByIndex
2019-06-26 01:31:13 DEBUG Airline:51 - Start getCountOfPlanes
2019-06-26 01:31:13 DEBUG Airline:42 - Start getPlaneByIndex
2019-06-26 01:31:13 DEBUG Airline:51 - Start getCountOfPlanes
2019-06-26 01:31:13 DEBUG Airline:42 - Start getPlaneByIndex
2019-06-26 01:31:13 DEBUG Airline:51 - Start getCountOfPlanes
2019-06-26 01:31:13 DEBUG Airline:42 - Start getPlaneByIndex
2019-06-26 01:31:13 DEBUG Airline:51 - Start getCountOfPlanes
2019-06-26 01:31:13 DEBUG Airline:42 - Start getPlaneByIndex
2019-06-26 01:31:13 DEBUG Airline:51 - Start getCountOfPlanes
2019-06-26 01:31:13 DEBUG Airline:42 - Start getPlaneByIndex
2019-06-26 01:31:13 DEBUG Airline:51 - Start getCountOfPlanes
2019-06-26 01:31:13 DEBUG Airline:42 - Start getPlaneByIndex
2019-06-26 01:31:13 DEBUG Airline:51 - Start getCountOfPlanes
2019-06-26 01:31:13 DEBUG Airline:42 - Start getPlaneByIndex
2019-06-26 01:31:13 DEBUG Airline:51 - Start getCountOfPlanes
2019-06-26 01:31:13 DEBUG Airline:42 - Start getPlaneByIndex
2019-06-26 01:31:13 DEBUG Airline:51 - Start getCountOfPlanes
2019-06-26 01:31:13 DEBUG Airline:42 - Start getPlaneByIndex
2019-06-26 01:31:13 DEBUG Airline:51 - Start getCountOfPlanes
2019-06-26 01:31:13 DEBUG Airline:42 - Start getPlaneByIndex
2019-06-26 01:31:13 DEBUG Airline:51 - Start getCountOfPlanes
2019-06-26 01:31:13 DEBUG Airline:42 - Start getPlaneByIndex
2019-06-26 01:31:13 DEBUG Airline:51 - Start getCountOfPlanes
2019-06-26 01:31:13 DEBUG Airline:42 - Start getPlaneByIndex
2019-06-26 01:31:13 DEBUG Airline:51 - Start getCountOfPlanes
2019-06-26 01:31:13 DEBUG Airline:42 - Start getPlaneByIndex
2019-06-26 01:31:13 DEBUG Airline:51 - Start getCountOfPlanes
2019-06-26 01:31:13 DEBUG Airline:42 - Start getPlaneByIndex
2019-06-26 01:31:13 DEBUG Airline:51 - Start getCountOfPlanes
2019-06-26 01:31:13 DEBUG Plane:67 - Start Plane() with parameters
2019-06-26 01:31:13 DEBUG Airline:26 - Start addPlane
2019-06-26 01:31:13 DEBUG Airline:51 - Start getCountOfPlanes
2019-06-26 01:31:13 DEBUG Airline:42 - Start getPlaneByIndex
2019-06-26 01:31:13 DEBUG Airline:51 - Start getCountOfPlanes
2019-06-26 01:31:13 DEBUG Airline:42 - Start getPlaneByIndex
2019-06-26 01:31:13 DEBUG Airline:51 - Start getCountOfPlanes
2019-06-26 01:31:13 DEBUG Airline:42 - Start getPlaneByIndex
2019-06-26 01:31:13 DEBUG Airline:51 - Start getCountOfPlanes
2019-06-26 01:31:13 DEBUG Airline:42 - Start getPlaneByIndex
2019-06-26 01:31:13 DEBUG Airline:51 - Start getCountOfPlanes
2019-06-26 01:31:13 DEBUG Airline:42 - Start getPlaneByIndex
2019-06-26 01:31:13 DEBUG Airline:51 - Start getCountOfPlanes
2019-06-26 01:31:13 DEBUG Airline:42 - Start getPlaneByIndex
2019-06-26 01:31:13 DEBUG Airline:51 - Start getCountOfPlanes
2019-06-26 01:31:13 DEBUG Airline:42 - Start getPlaneByIndex
2019-06-26 01:31:13 DEBUG Airline:51 - Start getCountOfPlanes
2019-06-26 01:31:13 DEBUG Airline:42 - Start getPlaneByIndex
2019-06-26 01:31:13 DEBUG Airline:51 - Start getCountOfPlanes
2019-06-26 01:31:13 DEBUG Airline:42 - Start getPlaneByIndex
2019-06-26 01:31:13 DEBUG Airline:51 - Start getCountOfPlanes
2019-06-26 01:31:13 DEBUG Airline:42 - Start getPlaneByIndex
2019-06-26 01:31:13 DEBUG Airline:51 - Start getCountOfPlanes
2019-06-26 01:31:13 DEBUG Airline:42 - Start getPlaneByIndex
2019-06-26 01:31:13 DEBUG Airline:51 - Start getCountOfPlanes
2019-06-26 01:31:13 DEBUG Airline:42 - Start getPlaneByIndex
2019-06-26 01:31:13 DEBUG Airline:51 - Start getCountOfPlanes
2019-06-26 01:31:13 DEBUG Airline:42 - Start getPlaneByIndex
2019-06-26 01:31:13 DEBUG Airline:51 - Start getCountOfPlanes
2019-06-26 01:31:13 DEBUG Airline:42 - Start getPlaneByIndex
2019-06-26 01:31:13 DEBUG Airline:51 - Start getCountOfPlanes
2019-06-26 01:31:13 DEBUG Airline:42 - Start getPlaneByIndex
2019-06-26 01:31:13 DEBUG Airline:51 - Start getCountOfPlanes
2019-06-26 01:31:13 DEBUG Airline:42 - Start getPlaneByIndex
2019-06-26 01:31:13 DEBUG Airline:51 - Start getCountOfPlanes
2019-06-26 01:31:13 DEBUG Plane:67 - Start Plane() with parameters
2019-06-26 01:31:13 DEBUG Airline:26 - Start addPlane
2019-06-26 01:31:13 DEBUG Airline:51 - Start getCountOfPlanes
2019-06-26 01:31:13 DEBUG Airline:42 - Start getPlaneByIndex
2019-06-26 01:31:13 DEBUG Airline:51 - Start getCountOfPlanes
2019-06-26 01:31:13 DEBUG Airline:42 - Start getPlaneByIndex
2019-06-26 01:31:13 DEBUG Airline:51 - Start getCountOfPlanes
2019-06-26 01:31:13 DEBUG Airline:42 - Start getPlaneByIndex
2019-06-26 01:31:13 DEBUG Airline:51 - Start getCountOfPlanes
2019-06-26 01:31:13 DEBUG Airline:42 - Start getPlaneByIndex
2019-06-26 01:31:13 DEBUG Airline:51 - Start getCountOfPlanes
2019-06-26 01:31:13 DEBUG Airline:42 - Start getPlaneByIndex
2019-06-26 01:31:13 DEBUG Airline:51 - Start getCountOfPlanes
2019-06-26 01:31:13 DEBUG Airline:42 - Start getPlaneByIndex
2019-06-26 01:31:13 DEBUG Airline:51 - Start getCountOfPlanes
2019-06-26 01:31:13 DEBUG Airline:42 - Start getPlaneByIndex
2019-06-26 01:31:13 DEBUG Airline:51 - Start getCountOfPlanes
2019-06-26 01:31:13 DEBUG Airline:42 - Start getPlaneByIndex
2019-06-26 01:31:13 DEBUG Airline:51 - Start getCountOfPlanes
2019-06-26 01:31:13 DEBUG Airline:42 - Start getPlaneByIndex
2019-06-26 01:31:13 DEBUG Airline:51 - Start getCountOfPlanes
2019-06-26 01:31:13 DEBUG Airline:42 - Start getPlaneByIndex
2019-06-26 01:31:13 DEBUG Airline:51 - Start getCountOfPlanes
2019-06-26 01:31:13 DEBUG Airline:42 - Start getPlaneByIndex
2019-06-26 01:31:13 DEBUG Airline:51 - Start getCountOfPlanes
2019-06-26 01:31:13 DEBUG Airline:42 - Start getPlaneByIndex
2019-06-26 01:31:13 DEBUG Airline:51 - Start getCountOfPlanes
2019-06-26 01:31:13 DEBUG Airline:42 - Start getPlaneByIndex
2019-06-26 01:31:13 DEBUG Airline:51 - Start getCountOfPlanes
2019-06-26 01:31:13 DEBUG Airline:42 - Start getPlaneByIndex
2019-06-26 01:31:13 DEBUG Airline:51 - Start getCountOfPlanes
2019-06-26 01:31:13 DEBUG Airline:42 - Start getPlaneByIndex
2019-06-26 01:31:13 DEBUG Airline:51 - Start getCountOfPlanes
2019-06-26 01:31:13 DEBUG Airline:42 - Start getPlaneByIndex
2019-06-26 01:31:13 DEBUG Airline:51 - Start getCountOfPlanes
2019-06-26 01:31:13 DEBUG Airline:42 - Start getPlaneByIndex
2019-06-26 01:31:13 DEBUG Airline:51 - Start getCountOfPlanes
2019-06-26 01:31:13 DEBUG Plane:67 - Start Plane() with parameters
2019-06-26 01:31:13 DEBUG Airline:26 - Start addPlane
2019-06-26 01:31:13 DEBUG Airline:51 - Start getCountOfPlanes
2019-06-26 01:31:13 DEBUG Airline:42 - Start getPlaneByIndex
2019-06-26 01:31:13 DEBUG Airline:51 - Start getCountOfPlanes
2019-06-26 01:31:13 DEBUG Airline:42 - Start getPlaneByIndex
2019-06-26 01:31:13 DEBUG Airline:51 - Start getCountOfPlanes
2019-06-26 01:31:13 DEBUG Airline:42 - Start getPlaneByIndex
2019-06-26 01:31:13 DEBUG Airline:51 - Start getCountOfPlanes
2019-06-26 01:31:13 DEBUG Airline:42 - Start getPlaneByIndex
2019-06-26 01:31:13 DEBUG Airline:51 - Start getCountOfPlanes
2019-06-26 01:31:13 DEBUG Airline:42 - Start getPlaneByIndex
2019-06-26 01:31:13 DEBUG Airline:51 - Start getCountOfPlanes
2019-06-26 01:31:13 DEBUG Airline:42 - Start getPlaneByIndex
2019-06-26 01:31:13 DEBUG Airline:51 - Start getCountOfPlanes
2019-06-26 01:31:13 DEBUG Airline:42 - Start getPlaneByIndex
2019-06-26 01:31:13 DEBUG Airline:51 - Start getCountOfPlanes
2019-06-26 01:31:13 DEBUG Airline:42 - Start getPlaneByIndex
2019-06-26 01:31:13 DEBUG Airline:51 - Start getCountOfPlanes
2019-06-26 01:31:13 DEBUG Airline:42 - Start getPlaneByIndex
2019-06-26 01:31:13 DEBUG Airline:51 - Start getCountOfPlanes
2019-06-26 01:31:13 DEBUG Airline:42 - Start getPlaneByIndex
2019-06-26 01:31:13 DEBUG Airline:51 - Start getCountOfPlanes
2019-06-26 01:31:13 DEBUG Airline:42 - Start getPlaneByIndex
2019-06-26 01:31:13 DEBUG Airline:51 - Start getCountOfPlanes
2019-06-26 01:31:13 DEBUG Airline:42 - Start getPlaneByIndex
2019-06-26 01:31:13 DEBUG Airline:51 - Start getCountOfPlanes
2019-06-26 01:31:13 DEBUG Airline:42 - Start getPlaneByIndex
2019-06-26 01:31:13 DEBUG Airline:51 - Start getCountOfPlanes
2019-06-26 01:31:13 DEBUG Airline:42 - Start getPlaneByIndex
2019-06-26 01:31:13 DEBUG Airline:51 - Start getCountOfPlanes
2019-06-26 01:31:13 DEBUG Airline:42 - Start getPlaneByIndex
2019-06-26 01:31:13 DEBUG Airline:51 - Start getCountOfPlanes
2019-06-26 01:31:13 DEBUG Airline:42 - Start getPlaneByIndex
2019-06-26 01:31:13 DEBUG Airline:51 - Start getCountOfPlanes
2019-06-26 01:31:13 DEBUG Airline:42 - Start getPlaneByIndex
2019-06-26 01:31:13 DEBUG Airline:51 - Start getCountOfPlanes
2019-06-26 01:31:13 DEBUG Airline:42 - Start getPlaneByIndex
2019-06-26 01:31:13 DEBUG Airline:51 - Start getCountOfPlanes
2019-06-26 01:31:13 DEBUG Plane:67 - Start Plane() with parameters
2019-06-26 01:31:13 DEBUG Airline:26 - Start addPlane
2019-06-26 01:31:13 DEBUG Airline:51 - Start getCountOfPlanes
2019-06-26 01:31:13 DEBUG Airline:42 - Start getPlaneByIndex
2019-06-26 01:31:13 DEBUG Airline:51 - Start getCountOfPlanes
2019-06-26 01:31:13 DEBUG Airline:42 - Start getPlaneByIndex
2019-06-26 01:31:13 DEBUG Airline:51 - Start getCountOfPlanes
2019-06-26 01:31:13 DEBUG Airline:42 - Start getPlaneByIndex
2019-06-26 01:31:13 DEBUG Airline:51 - Start getCountOfPlanes
2019-06-26 01:31:13 DEBUG Airline:42 - Start getPlaneByIndex
2019-06-26 01:31:13 DEBUG Airline:51 - Start getCountOfPlanes
2019-06-26 01:31:13 DEBUG Airline:42 - Start getPlaneByIndex
2019-06-26 01:31:13 DEBUG Airline:51 - Start getCountOfPlanes
2019-06-26 01:31:13 DEBUG Airline:42 - Start getPlaneByIndex
2019-06-26 01:31:13 DEBUG Airline:51 - Start getCountOfPlanes
2019-06-26 01:31:13 DEBUG Airline:42 - Start getPlaneByIndex
2019-06-26 01:31:13 DEBUG Airline:51 - Start getCountOfPlanes
2019-06-26 01:31:13 DEBUG Airline:42 - Start getPlaneByIndex
2019-06-26 01:31:13 DEBUG Airline:51 - Start getCountOfPlanes
2019-06-26 01:31:13 DEBUG Airline:42 - Start getPlaneByIndex
2019-06-26 01:31:13 DEBUG Airline:51 - Start getCountOfPlanes
2019-06-26 01:31:13 DEBUG Airline:42 - Start getPlaneByIndex
2019-06-26 01:31:13 DEBUG Airline:51 - Start getCountOfPlanes
2019-06-26 01:31:13 DEBUG Airline:42 - Start getPlaneByIndex
2019-06-26 01:31:13 DEBUG Airline:51 - Start getCountOfPlanes
2019-06-26 01:31:13 DEBUG Airline:42 - Start getPlaneByIndex
2019-06-26 01:31:13 DEBUG Airline:51 - Start getCountOfPlanes
2019-06-26 01:31:13 DEBUG Airline:42 - Start getPlaneByIndex
2019-06-26 01:31:13 DEBUG Airline:51 - Start getCountOfPlanes
2019-06-26 01:31:13 DEBUG Airline:42 - Start getPlaneByIndex
2019-06-26 01:31:13 DEBUG Airline:51 - Start getCountOfPlanes
2019-06-26 01:31:13 DEBUG Airline:42 - Start getPlaneByIndex
2019-06-26 01:31:13 DEBUG Airline:51 - Start getCountOfPlanes
2019-06-26 01:31:13 DEBUG Airline:42 - Start getPlaneByIndex
2019-06-26 01:31:13 DEBUG Airline:51 - Start getCountOfPlanes
2019-06-26 01:31:13 DEBUG Airline:42 - Start getPlaneByIndex
2019-06-26 01:31:13 DEBUG Airline:51 - Start getCountOfPlanes
2019-06-26 01:31:13 DEBUG Airline:42 - Start getPlaneByIndex
2019-06-26 01:31:13 DEBUG Airline:51 - Start getCountOfPlanes
2019-06-26 01:31:13 DEBUG Airline:42 - Start getPlaneByIndex
2019-06-26 01:31:13 DEBUG Airline:51 - Start getCountOfPlanes
=======
>>>>>>> 7866105f43e6b95699e903769a3c89d6dc70b67c
