2019-06-22 17:51:45 DEBUG GemsDOMParser:31 - Start GemsDOMParser
2019-06-22 17:51:45 DEBUG GemsDOMParser:60 - Start buildListGems
2019-06-22 17:51:45 DEBUG GemsDOMParser:105 - d1
2019-06-22 17:51:45 DEBUG GemsDOMParser:109 - precious
2019-06-22 17:51:45 DEBUG GemsDOMParser:114 - diamond
2019-06-22 17:51:45 DEBUG GemsDOMParser:120 - 1.512
2019-06-22 17:51:45 DEBUG GemsDOMParser:130 - colorless
2019-06-22 17:51:45 DEBUG GemsDOMParser:133 - 20.99
2019-06-22 17:51:45 DEBUG GemsDOMParser:136 - 11
2019-06-22 17:51:45 DEBUG GemsDOMParser:142 - France
2019-06-22 17:51:45 DEBUG GemsDOMParser:147 - Limited liability company Dimond
2019-06-22 17:51:45 DEBUG GemsDOMParser:154 - 1991-11-20
2019-06-22 17:51:45 DEBUG GemsDOMParser:162 - Russia
2019-06-22 17:51:45 DEBUG GemsDOMParser:169 - 1990-02-20
2019-06-22 17:51:45 DEBUG GemsDOMParser:105 - d2
2019-06-22 17:51:45 DEBUG GemsDOMParser:109 - precious
2019-06-22 17:51:45 DEBUG GemsDOMParser:114 - diamond
2019-06-22 17:51:45 DEBUG GemsDOMParser:120 - 2.112
2019-06-22 17:51:45 DEBUG GemsDOMParser:130 - colorless
2019-06-22 17:51:45 DEBUG GemsDOMParser:133 - 99.9
2019-06-22 17:51:45 DEBUG GemsDOMParser:136 - 15
2019-06-22 17:51:45 DEBUG GemsDOMParser:142 - France
2019-06-22 17:51:45 DEBUG GemsDOMParser:147 - Public corporation Star
2019-06-22 17:51:45 DEBUG GemsDOMParser:154 - 2019-06-02
2019-06-22 17:51:45 DEBUG GemsDOMParser:162 - France
2019-06-22 17:51:45 DEBUG GemsDOMParser:169 - 2019-05-04
2019-06-22 17:51:45 DEBUG GemsDOMParser:194 - d3
2019-06-22 17:51:45 DEBUG GemsDOMParser:196 - precious
2019-06-22 17:51:45 DEBUG GemsDOMParser:201 - diamond
2019-06-22 17:51:45 DEBUG GemsDOMParser:207 - 3.01
2019-06-22 17:51:45 DEBUG GemsDOMParser:217 - colorless
2019-06-22 17:51:45 DEBUG GemsDOMParser:220 - 89.9
2019-06-22 17:51:45 DEBUG GemsDOMParser:223 - 13
2019-06-22 17:51:45 DEBUG GemsDOMParser:229 - France
2019-06-22 17:51:45 DEBUG GemsDOMParser:234 - Limited liability company Dimond
2019-06-22 17:51:45 DEBUG GemsDOMParser:241 - 1992-02-05
2019-06-22 17:51:45 DEBUG GemsDOMParser:263 - Hydrothermal method
2019-06-22 17:51:45 DEBUG GemsDOMParser:194 - d4
2019-06-22 17:51:45 DEBUG GemsDOMParser:196 - precious
2019-06-22 17:51:45 DEBUG GemsDOMParser:201 - diamond
2019-06-22 17:51:45 DEBUG GemsDOMParser:207 - 2.65
2019-06-22 17:51:45 DEBUG GemsDOMParser:217 - colorless
2019-06-22 17:51:45 DEBUG GemsDOMParser:220 - 97.9
2019-06-22 17:51:45 DEBUG GemsDOMParser:223 - 14
2019-06-22 17:51:45 DEBUG GemsDOMParser:229 - Poland
2019-06-22 17:51:45 DEBUG GemsDOMParser:234 - Limited liability company Super
2019-06-22 17:51:45 DEBUG GemsDOMParser:241 - 1996-11-10
2019-06-22 17:51:45 DEBUG GemsDOMParser:263 - Hydrothermal method
